0 info it worked if it ends with ok
1 verbose cli [ '/Users/isaac/.nvm/versions/node/v6.9.1/bin/node',
1 verbose cli   '/Users/isaac/.nvm/versions/node/v6.9.1/bin/npm',
1 verbose cli   'publish' ]
2 info using npm@4.0.3
3 info using node@v6.9.1
4 verbose publish [ '.' ]
5 silly cache add args [ '.', null ]
6 verbose cache add spec .
7 silly cache add parsed spec Result {
7 silly cache add   raw: '.',
7 silly cache add   scope: null,
7 silly cache add   escapedName: null,
7 silly cache add   name: null,
7 silly cache add   rawSpec: '.',
7 silly cache add   spec: '/Users/isaac/Documents/Contributions/ng2-tour',
7 silly cache add   type: 'directory' }
8 verbose addLocalDirectory /Users/isaac/.npm/ng2-tour/0.0.1/package.tgz not in flight; packing
9 verbose correctMkdir /Users/isaac/.npm correctMkdir not in flight; initializing
10 info lifecycle ng2-tour@0.0.1~prepublish: ng2-tour@0.0.1
11 silly lifecycle ng2-tour@0.0.1~prepublish: no script for prepublish, continuing
12 info lifecycle ng2-tour@0.0.1~prepare: ng2-tour@0.0.1
13 silly lifecycle ng2-tour@0.0.1~prepare: no script for prepare, continuing
14 verbose tar pack [ '/Users/isaac/.npm/ng2-tour/0.0.1/package.tgz',
14 verbose tar pack   '/Users/isaac/Documents/Contributions/ng2-tour' ]
15 verbose tarball /Users/isaac/.npm/ng2-tour/0.0.1/package.tgz
16 verbose folder /Users/isaac/Documents/Contributions/ng2-tour
17 verbose addLocalTarball adding from inside cache /Users/isaac/.npm/ng2-tour/0.0.1/package.tgz
18 verbose correctMkdir /Users/isaac/.npm correctMkdir not in flight; initializing
19 silly cache afterAdd ng2-tour@0.0.1
20 verbose afterAdd /Users/isaac/.npm/ng2-tour/0.0.1/package/package.json not in flight; writing
21 verbose correctMkdir /Users/isaac/.npm correctMkdir not in flight; initializing
22 verbose afterAdd /Users/isaac/.npm/ng2-tour/0.0.1/package/package.json written
23 silly publish { name: 'ng2-tour',
23 silly publish   version: '0.0.1',
23 silly publish   description: 'Product tour library build in Angular (2+)',
23 silly publish   main: 'build/src/app/lib/tour.module.js',
23 silly publish   scripts:
23 silly publish    { cleanup: 'rimraf src/app/**/*.ngfactory.ts src/app/**/*.shim.ts',
23 silly publish      explorer: 'source-map-explorer ./dist/bootstrap.bundle.js ./dist/bootstrap.bundle.js.map',
23 silly publish      'explorer-aot': 'source-map-explorer ./dist/bootstrap.aot.bundle.js ./dist/bootstrap.aot.bundle.js.map',
23 silly publish      ngc: 'ngc -p ./tsconfig.aot.json',
23 silly publish      serve: 'http-server ./dist -a 0.0.0.0 -p 9000',
23 silly publish      start: 'npm run cleanup && npm run ngc && concurrently -r "webpack-dev-server" "node ./bin/ngc-watch.js"',
23 silly publish      'start-plugin': 'npm run cleanup && webpack-dev-server --config webpack.aot.config.js',
23 silly publish      'start-prod': 'npm run ngc && npm run webpack-prod && npm run serve',
23 silly publish      build: 'npm run ngc && npm run webpack-prod',
23 silly publish      deploy: 'gh-pages -d dist',
23 silly publish      webpack: 'webpack --config webpack.config.js',
23 silly publish      'webpack-aot': 'webpack --config webpack.aot.config.js',
23 silly publish      'webpack-prod': 'webpack --config webpack.prod.config.js' },
23 silly publish   keywords: [ 'angular', 'angular2', 'tour' ],
23 silly publish   repository:
23 silly publish    { type: 'git',
23 silly publish      url: 'git+https://github.com/isaacplmann/ng2-tour.git' },
23 silly publish   author: { name: 'isaacplmann', email: 'isaacplmann@gmail.com' },
23 silly publish   license: 'ISC',
23 silly publish   dependencies:
23 silly publish    { '@angular/common': '2.2.4',
23 silly publish      '@angular/compiler': '2.2.4',
23 silly publish      '@angular/core': '2.2.4',
23 silly publish      '@angular/forms': '2.2.4',
23 silly publish      '@angular/platform-browser': '2.2.4',
23 silly publish      '@angular/platform-browser-dynamic': '2.2.4',
23 silly publish      '@angular/router': '3.2.4',
23 silly publish      '@ng-bootstrap/ng-bootstrap': '1.0.0-alpha.14',
23 silly publish      '@types/core-js': '^0.9.35',
23 silly publish      'angular2-hotkeys': '^0.5.0',
23 silly publish      'core-js': '2.4.1',
23 silly publish      rxjs: '^5.0.0-rc.4',
23 silly publish      'zone.js': '0.7.2' },
23 silly publish   devDependencies:
23 silly publish    { '@angular/compiler-cli': '2.2.4',
23 silly publish      '@angular/platform-server': '2.2.4',
23 silly publish      '@ngtools/webpack': '1.1.7',
23 silly publish      '@types/node': '6.0.48',
23 silly publish      'angular2-template-loader': '0.6.0',
23 silly publish      'awesome-typescript-loader': '2.2.4',
23 silly publish      chokidar: '1.6.1',
23 silly publish      codelyzer: '^2.0.0-beta.3',
23 silly publish      concurrently: '3.1.0',
23 silly publish      'copy-webpack-plugin': '4.0.1',
23 silly publish      'css-loader': '0.26.0',
23 silly publish      'extract-text-webpack-plugin': '2.0.0-beta.4',
23 silly publish      'gh-pages': '0.12.0',
23 silly publish      'http-server': '0.9.0',
23 silly publish      'raw-loader': '0.5.1',
23 silly publish      rimraf: '2.5.4',
23 silly publish      'sass-loader': '^4.1.0',
23 silly publish      'source-map-explorer': '1.3.3',
23 silly publish      'style-loader': '0.13.1',
23 silly publish      'to-string-loader': '1.1.5',
23 silly publish      tslint: '^4.0.2',
23 silly publish      'tslint-microsoft-contrib': '^4.0.0',
23 silly publish      typescript: '2.0.10',
23 silly publish      webpack: '2.1.0-beta.27',
23 silly publish      'webpack-dev-server': '2.1.0-beta.11' },
23 silly publish   readme: '# Ng2 Tour\n[![Dependency Status](https://david-dm.org/isaacplmann/ng2-tour.svg)](https://david-dm.org/isaacplmann/ng2-tour)\n[![devDependency Status](https://david-dm.org/isaacplmann/ng2-tour/dev-status.svg)](https://david-dm.org/isaacplmann/ng2-tour?type=dev)\n\nCheck out the [documentation/demo page](https://isaacplmann.github.io/ng2-tour).\n\nThis is a product tour library built with Angular (2+).  It\'s inspired by [angular-ui-tour](http://benmarch.github.io/angular-ui-tour).\n',
23 silly publish   readmeFilename: 'readme.md',
23 silly publish   gitHead: '576f8290c623560b900e9edf208def751998982b',
23 silly publish   bugs: { url: 'https://github.com/isaacplmann/ng2-tour/issues' },
23 silly publish   homepage: 'https://github.com/isaacplmann/ng2-tour#readme',
23 silly publish   _id: 'ng2-tour@0.0.1',
23 silly publish   _shasum: 'f303af0e55b74ee21deef5f84f1a282d535e4a34',
23 silly publish   _from: '.' }
24 info lifecycle ng2-tour@0.0.1~prepublishOnly: ng2-tour@0.0.1
25 silly lifecycle ng2-tour@0.0.1~prepublishOnly: no script for prepublishOnly, continuing
26 verbose getPublishConfig undefined
27 silly mapToRegistry name ng2-tour
28 silly mapToRegistry using default registry
29 silly mapToRegistry registry https://registry.npmjs.org/
30 silly mapToRegistry data Result {
30 silly mapToRegistry   raw: 'ng2-tour',
30 silly mapToRegistry   scope: null,
30 silly mapToRegistry   escapedName: 'ng2-tour',
30 silly mapToRegistry   name: 'ng2-tour',
30 silly mapToRegistry   rawSpec: '',
30 silly mapToRegistry   spec: 'latest',
30 silly mapToRegistry   type: 'tag' }
31 silly mapToRegistry uri https://registry.npmjs.org/ng2-tour
32 verbose publish registryBase https://registry.npmjs.org/
33 silly publish uploading /Users/isaac/.npm/ng2-tour/0.0.1/package.tgz
34 verbose request uri https://registry.npmjs.org/ng2-tour
35 verbose request sending authorization for write operation
36 info attempt registry request try #1 at 2:03:15 PM
37 verbose request using bearer token for auth
38 verbose request id c41e4ec597817e84
39 http request PUT https://registry.npmjs.org/ng2-tour
40 http 403 https://registry.npmjs.org/ng2-tour
41 verbose headers { 'content-type': 'application/json',
41 verbose headers   'cache-control': 'max-age=300',
41 verbose headers   'content-length': '95',
41 verbose headers   'accept-ranges': 'bytes',
41 verbose headers   date: 'Thu, 15 Dec 2016 19:03:16 GMT',
41 verbose headers   via: '1.1 varnish',
41 verbose headers   connection: 'keep-alive',
41 verbose headers   'x-served-by': 'cache-ord1734-ORD',
41 verbose headers   'x-cache': 'MISS',
41 verbose headers   'x-cache-hits': '0',
41 verbose headers   'x-timer': 'S1481828595.797658,VS0,VE644',
41 verbose headers   vary: 'Accept-Encoding' }
42 verbose request invalidating /Users/isaac/.npm/registry.npmjs.org/ng2-tour on PUT
43 error publish Failed PUT 403
44 verbose stack Error: "You cannot publish over the previously published version 0.0.1." : ng2-tour
44 verbose stack     at makeError (/Users/isaac/.nvm/versions/node/v6.9.1/lib/node_modules/npm/node_modules/npm-registry-client/lib/request.js:302:12)
44 verbose stack     at CachingRegistryClient.<anonymous> (/Users/isaac/.nvm/versions/node/v6.9.1/lib/node_modules/npm/node_modules/npm-registry-client/lib/request.js:290:14)
44 verbose stack     at Request._callback (/Users/isaac/.nvm/versions/node/v6.9.1/lib/node_modules/npm/node_modules/npm-registry-client/lib/request.js:210:14)
44 verbose stack     at Request.self.callback (/Users/isaac/.nvm/versions/node/v6.9.1/lib/node_modules/npm/node_modules/request/request.js:186:22)
44 verbose stack     at emitTwo (events.js:106:13)
44 verbose stack     at Request.emit (events.js:191:7)
44 verbose stack     at Request.<anonymous> (/Users/isaac/.nvm/versions/node/v6.9.1/lib/node_modules/npm/node_modules/request/request.js:1081:10)
44 verbose stack     at emitOne (events.js:96:13)
44 verbose stack     at Request.emit (events.js:188:7)
44 verbose stack     at IncomingMessage.<anonymous> (/Users/isaac/.nvm/versions/node/v6.9.1/lib/node_modules/npm/node_modules/request/request.js:1001:12)
45 verbose statusCode 403
46 verbose pkgid ng2-tour
47 verbose cwd /Users/isaac/Documents/Contributions/ng2-tour
48 error Darwin 15.6.0
49 error argv "/Users/isaac/.nvm/versions/node/v6.9.1/bin/node" "/Users/isaac/.nvm/versions/node/v6.9.1/bin/npm" "publish"
50 error node v6.9.1
51 error npm  v4.0.3
52 error code E403
53 error "You cannot publish over the previously published version 0.0.1." : ng2-tour
54 error If you need help, you may report this error at:
54 error     <https://github.com/npm/npm/issues>
55 verbose exit [ 1, true ]
